This is pdfeTeX, Version 3.141592-1.21a-2.2 (Web2C 7.5.4) (format=pdflatex 2009.6.9)  21 SEP 2010 17:12
entering extended mode
**refman.tex
(./refman.tex
LaTeX2e <2003/12/01>
Babel <v3.8d> and hyphenation patterns for american, french, german, ngerman, b
ahasa, basque, bulgarian, catalan, croatian, czech, danish, dutch, esperanto, e
stonian, finnish, greek, icelandic, irish, italian, latin, magyar, norsk, polis
h, portuges, romanian, russian, serbian, slovak, slovene, spanish, swedish, tur
kish, ukrainian, nohyphenation, loaded.

(/usr/share/texmf/tex/latex/base/book.cls
Document Class: book 2004/02/16 v1.4f Standard LaTeX document class
(/usr/share/texmf/tex/latex/base/bk10.clo
File: bk10.clo 2004/02/16 v1.4f Standard LaTeX file (size option)
)
\c@part=\count79
\c@chapter=\count80
\c@section=\count81
\c@subsection=\count82
\c@subsubsection=\count83
\c@paragraph=\count84
\c@subparagraph=\count85
\c@figure=\count86
\c@table=\count87
\abovecaptionskip=\skip41
\belowcaptionskip=\skip42
\bibindent=\dimen102
) (/usr/share/texmf/tex/latex/a4wide/a4wide.sty
Package: a4wide 1994/08/30
(/usr/share/texmf/tex/latex/ntgclass/a4.sty
Package: a4 2004/04/15 v1.2g A4 based page layout
)) (/usr/share/texmf/tex/latex/base/makeidx.sty
Package: makeidx 2000/03/29 v1.0m Standard LaTeX package
) (/usr/share/texmf/tex/latex/fancyhdr/fancyhdr.sty
\fancy@headwidth=\skip43
\f@ncyO@elh=\skip44
\f@ncyO@erh=\skip45
\f@ncyO@olh=\skip46
\f@ncyO@orh=\skip47
\f@ncyO@elf=\skip48
\f@ncyO@erf=\skip49
\f@ncyO@olf=\skip50
\f@ncyO@orf=\skip51
) (/usr/share/texmf/tex/latex/graphics/graphicx.sty
Package: graphicx 1999/02/16 v1.0f Enhanced LaTeX Graphics (DPC,SPQR)
(/usr/share/texmf/tex/latex/graphics/keyval.sty
Package: keyval 1999/03/16 v1.13 key=value parser (DPC)
\KV@toks@=\toks14
) (/usr/share/texmf/tex/latex/graphics/graphics.sty
Package: graphics 2001/07/07 v1.0n Standard LaTeX Graphics (DPC,SPQR)
(/usr/share/texmf/tex/latex/graphics/trig.sty
Package: trig 1999/03/16 v1.09 sin cos tan (DPC)
) (/usr/share/texmf/tex/latex/graphics/graphics.cfg
File: graphics.cfg 2005/02/03 v1.3 graphics configuration of teTeX/TeXLive
)
Package graphics Info: Driver file: pdftex.def on input line 80.
(/usr/share/texmf/tex/latex/graphics/pdftex.def
File: pdftex.def 2002/06/19 v0.03k graphics/color for pdftex
\Gread@gobject=\count88
))
\Gin@req@height=\dimen103
\Gin@req@width=\dimen104
) (/usr/share/texmf/tex/latex/tools/multicol.sty
Package: multicol 2004/02/14 v1.6e multicolumn formatting (FMi)
\c@tracingmulticols=\count89
\mult@box=\box26
\multicol@leftmargin=\dimen105
\c@unbalance=\count90
\c@collectmore=\count91
\doublecol@number=\count92
\multicoltolerance=\count93
\multicolpretolerance=\count94
\full@width=\dimen106
\page@free=\dimen107
\premulticols=\dimen108
\postmulticols=\dimen109
\multicolsep=\skip52
\multicolbaselineskip=\skip53
\partial@page=\box27
\last@line=\box28
\mult@rightbox=\box29
\mult@grightbox=\box30
\mult@gfirstbox=\box31
\mult@firstbox=\box32
\@tempa=\box33
\@tempa=\box34
\@tempa=\box35
\@tempa=\box36
\@tempa=\box37
\@tempa=\box38
\@tempa=\box39
\@tempa=\box40
\@tempa=\box41
\@tempa=\box42
\@tempa=\box43
\@tempa=\box44
\@tempa=\box45
\@tempa=\box46
\@tempa=\box47
\@tempa=\box48
\@tempa=\box49
\c@columnbadness=\count95
\c@finalcolumnbadness=\count96
\last@try=\dimen110
\multicolovershoot=\dimen111
\multicolundershoot=\dimen112
\mult@nat@firstbox=\box50
\colbreak@box=\box51
) (/usr/share/texmf/tex/latex/float/float.sty
Package: float 2001/11/08 v1.3d Float enhancements (AL)
\c@float@type=\count97
\float@exts=\toks15
\float@box=\box52
\@float@everytoks=\toks16
\@floatcapt=\box53
) (/usr/share/texmf/tex/latex/base/textcomp.sty
Package: textcomp 2004/02/22 v1.99f Standard LaTeX package
Package textcomp Info: Sub-encoding information:
(textcomp)               5 = only ISO-Adobe without \textcurrency
(textcomp)               4 = 5 + \texteuro
(textcomp)               3 = 4 + \textohm
(textcomp)               2 = 3 + \textestimated + \textcurrency
(textcomp)               1 = TS1 - \textcircled - \t
(textcomp)               0 = TS1 (full)
(textcomp)             Font families with sub-encoding setting implement
(textcomp)             only a restricted character set as indicated.
(textcomp)             Family '?' is the default used for unknown fonts.
(textcomp)             See the documentation for details.
Package textcomp Info: Setting ? sub-encoding to TS1/1 on input line 71.
(/usr/share/texmf/tex/latex/base/ts1enc.def
File: ts1enc.def 2001/06/05 v3.0e (jk/car/fm) Standard LaTeX file
)
LaTeX Info: Redefining \oldstylenums on input line 266.
Package textcomp Info: Setting cmr sub-encoding to TS1/0 on input line 281.
Package textcomp Info: Setting cmss sub-encoding to TS1/0 on input line 282.
Package textcomp Info: Setting cmtt sub-encoding to TS1/0 on input line 283.
Package textcomp Info: Setting cmvtt sub-encoding to TS1/0 on input line 284.
Package textcomp Info: Setting cmbr sub-encoding to TS1/0 on input line 285.
Package textcomp Info: Setting cmtl sub-encoding to TS1/0 on input line 286.
Package textcomp Info: Setting ccr sub-encoding to TS1/0 on input line 287.
Package textcomp Info: Setting ptm sub-encoding to TS1/4 on input line 288.
Package textcomp Info: Setting pcr sub-encoding to TS1/4 on input line 289.
Package textcomp Info: Setting phv sub-encoding to TS1/4 on input line 290.
Package textcomp Info: Setting ppl sub-encoding to TS1/3 on input line 291.
Package textcomp Info: Setting pag sub-encoding to TS1/4 on input line 292.
Package textcomp Info: Setting pbk sub-encoding to TS1/4 on input line 293.
Package textcomp Info: Setting pnc sub-encoding to TS1/4 on input line 294.
Package textcomp Info: Setting pzc sub-encoding to TS1/4 on input line 295.
Package textcomp Info: Setting bch sub-encoding to TS1/4 on input line 296.
Package textcomp Info: Setting put sub-encoding to TS1/5 on input line 297.
Package textcomp Info: Setting uag sub-encoding to TS1/5 on input line 298.
Package textcomp Info: Setting ugq sub-encoding to TS1/5 on input line 299.
Package textcomp Info: Setting ul8 sub-encoding to TS1/4 on input line 300.
Package textcomp Info: Setting ul9 sub-encoding to TS1/4 on input line 301.
Package textcomp Info: Setting augie sub-encoding to TS1/5 on input line 302.
Package textcomp Info: Setting dayrom sub-encoding to TS1/3 on input line 303.
Package textcomp Info: Setting dayroms sub-encoding to TS1/3 on input line 304.

Package textcomp Info: Setting pxr sub-encoding to TS1/0 on input line 305.
Package textcomp Info: Setting pxss sub-encoding to TS1/0 on input line 306.
Package textcomp Info: Setting pxtt sub-encoding to TS1/0 on input line 307.
Package textcomp Info: Setting txr sub-encoding to TS1/0 on input line 308.
Package textcomp Info: Setting txss sub-encoding to TS1/0 on input line 309.
Package textcomp Info: Setting txtt sub-encoding to TS1/0 on input line 310.
Package textcomp Info: Setting futs sub-encoding to TS1/4 on input line 311.
Package textcomp Info: Setting futx sub-encoding to TS1/4 on input line 312.
Package textcomp Info: Setting futj sub-encoding to TS1/4 on input line 313.
Package textcomp Info: Setting hlh sub-encoding to TS1/3 on input line 314.
Package textcomp Info: Setting hls sub-encoding to TS1/3 on input line 315.
Package textcomp Info: Setting hlst sub-encoding to TS1/3 on input line 316.
Package textcomp Info: Setting hlct sub-encoding to TS1/5 on input line 317.
Package textcomp Info: Setting hlx sub-encoding to TS1/5 on input line 318.
Package textcomp Info: Setting hlce sub-encoding to TS1/5 on input line 319.
Package textcomp Info: Setting hlcn sub-encoding to TS1/5 on input line 320.
Package textcomp Info: Setting hlcw sub-encoding to TS1/5 on input line 321.
Package textcomp Info: Setting hlcf sub-encoding to TS1/5 on input line 322.
Package textcomp Info: Setting pplx sub-encoding to TS1/3 on input line 323.
Package textcomp Info: Setting pplj sub-encoding to TS1/3 on input line 324.
Package textcomp Info: Setting ptmx sub-encoding to TS1/4 on input line 325.
Package textcomp Info: Setting ptmj sub-encoding to TS1/4 on input line 326.
) (/usr/share/texmf/tex/latex/base/alltt.sty
Package: alltt 1997/06/16 v2.0g defines alltt environment
) (/usr/share/texmf/tex/latex/psnfss/times.sty
Package: times 2004/09/15 PSNFSS-v9.2 (SPQR) 
) (/usr/share/texmf/tex/latex/base/inputenc.sty
Package: inputenc 2004/02/05 v1.0d Input encoding file
(/usr/share/texmf/tex/latex/base/utf8.def
File: utf8.def 2004/02/09 v1.1b UTF-8 support for inputenc
Now handling font encoding OML ...
... no UTF-8 mapping file for font encoding OML
Now handling font encoding T1 ...
... processing UTF-8 mapping file for font encoding T1
(/usr/share/texmf/tex/latex/base/t1enc.dfu
File: t1enc.dfu 2004/02/09 v1.1b UTF-8 support for inputenc
   defining Unicode char U+00A1 (decimal 161)
   defining Unicode char U+00A3 (decimal 163)
   defining Unicode char U+00AB (decimal 171)
   defining Unicode char U+00BB (decimal 187)
   defining Unicode char U+00BF (decimal 191)
   defining Unicode char U+00C0 (decimal 192)
   defining Unicode char U+00C1 (decimal 193)
   defining Unicode char U+00C2 (decimal 194)
   defining Unicode char U+00C3 (decimal 195)
   defining Unicode char U+00C4 (decimal 196)
   defining Unicode char U+00C5 (decimal 197)
   defining Unicode char U+00C6 (decimal 198)
   defining Unicode char U+00C7 (decimal 199)
   defining Unicode char U+00C8 (decimal 200)
   defining Unicode char U+00C9 (decimal 201)
   defining Unicode char U+00CA (decimal 202)
   defining Unicode char U+00CB (decimal 203)
   defining Unicode char U+00CC (decimal 204)
   defining Unicode char U+00CD (decimal 205)
   defining Unicode char U+00CE (decimal 206)
   defining Unicode char U+00CF (decimal 207)
   defining Unicode char U+00D0 (decimal 208)
   defining Unicode char U+00D1 (decimal 209)
   defining Unicode char U+00D2 (decimal 210)
   defining Unicode char U+00D3 (decimal 211)
   defining Unicode char U+00D4 (decimal 212)
   defining Unicode char U+00D5 (decimal 213)
   defining Unicode char U+00D6 (decimal 214)
   defining Unicode char U+00D8 (decimal 216)
   defining Unicode char U+00D9 (decimal 217)
   defining Unicode char U+00DA (decimal 218)
   defining Unicode char U+00DB (decimal 219)
   defining Unicode char U+00DC (decimal 220)
   defining Unicode char U+00DD (decimal 221)
   defining Unicode char U+00DE (decimal 222)
   defining Unicode char U+00DF (decimal 223)
   defining Unicode char U+00E0 (decimal 224)
   defining Unicode char U+00E1 (decimal 225)
   defining Unicode char U+00E2 (decimal 226)
   defining Unicode char U+00E3 (decimal 227)
   defining Unicode char U+00E4 (decimal 228)
   defining Unicode char U+00E5 (decimal 229)
   defining Unicode char U+00E6 (decimal 230)
   defining Unicode char U+00E7 (decimal 231)
   defining Unicode char U+00E8 (decimal 232)
   defining Unicode char U+00E9 (decimal 233)
   defining Unicode char U+00EA (decimal 234)
   defining Unicode char U+00EB (decimal 235)
   defining Unicode char U+00EC (decimal 236)
   defining Unicode char U+00ED (decimal 237)
   defining Unicode char U+00EE (decimal 238)
   defining Unicode char U+00EF (decimal 239)
   defining Unicode char U+00F0 (decimal 240)
   defining Unicode char U+00F1 (decimal 241)
   defining Unicode char U+00F2 (decimal 242)
   defining Unicode char U+00F3 (decimal 243)
   defining Unicode char U+00F4 (decimal 244)
   defining Unicode char U+00F5 (decimal 245)
   defining Unicode char U+00F6 (decimal 246)
   defining Unicode char U+00F8 (decimal 248)
   defining Unicode char U+00F9 (decimal 249)
   defining Unicode char U+00FA (decimal 250)
   defining Unicode char U+00FB (decimal 251)
   defining Unicode char U+00FC (decimal 252)
   defining Unicode char U+00FD (decimal 253)
   defining Unicode char U+00FE (decimal 254)
   defining Unicode char U+00FF (decimal 255)
   defining Unicode char U+0102 (decimal 258)
   defining Unicode char U+0103 (decimal 259)
   defining Unicode char U+0104 (decimal 260)
   defining Unicode char U+0105 (decimal 261)
   defining Unicode char U+0106 (decimal 262)
   defining Unicode char U+0107 (decimal 263)
   defining Unicode char U+010C (decimal 268)
   defining Unicode char U+010D (decimal 269)
   defining Unicode char U+010E (decimal 270)
   defining Unicode char U+010F (decimal 271)
   defining Unicode char U+0110 (decimal 272)
   defining Unicode char U+0111 (decimal 273)
   defining Unicode char U+0118 (decimal 280)
   defining Unicode char U+0119 (decimal 281)
   defining Unicode char U+011A (decimal 282)
   defining Unicode char U+011B (decimal 283)
   defining Unicode char U+011E (decimal 286)
   defining Unicode char U+011F (decimal 287)
   defining Unicode char U+0130 (decimal 304)
   defining Unicode char U+0131 (decimal 305)
   defining Unicode char U+0139 (decimal 313)
   defining Unicode char U+013A (decimal 314)
   defining Unicode char U+013D (decimal 317)
   defining Unicode char U+013E (decimal 318)
   defining Unicode char U+0141 (decimal 321)
   defining Unicode char U+0142 (decimal 322)
   defining Unicode char U+0143 (decimal 323)
   defining Unicode char U+0144 (decimal 324)
   defining Unicode char U+0147 (decimal 327)
   defining Unicode char U+0148 (decimal 328)
   defining Unicode char U+014A (decimal 330)
   defining Unicode char U+014B (decimal 331)
   defining Unicode char U+0150 (decimal 336)
   defining Unicode char U+0151 (decimal 337)
   defining Unicode char U+0152 (decimal 338)
   defining Unicode char U+0153 (decimal 339)
   defining Unicode char U+0154 (decimal 340)
   defining Unicode char U+0155 (decimal 341)
   defining Unicode char U+0158 (decimal 344)
   defining Unicode char U+0159 (decimal 345)
   defining Unicode char U+015A (decimal 346)
   defining Unicode char U+015B (decimal 347)
   defining Unicode char U+015E (decimal 350)
   defining Unicode char U+015F (decimal 351)
   defining Unicode char U+0160 (decimal 352)
   defining Unicode char U+0161 (decimal 353)
   defining Unicode char U+0162 (decimal 354)
   defining Unicode char U+0163 (decimal 355)
   defining Unicode char U+0164 (decimal 356)
   defining Unicode char U+0165 (decimal 357)
   defining Unicode char U+016E (decimal 366)
   defining Unicode char U+016F (decimal 367)
   defining Unicode char U+0170 (decimal 368)
   defining Unicode char U+0171 (decimal 369)
   defining Unicode char U+0178 (decimal 376)
   defining Unicode char U+0179 (decimal 377)
   defining Unicode char U+017A (decimal 378)
   defining Unicode char U+017B (decimal 379)
   defining Unicode char U+017C (decimal 380)
   defining Unicode char U+017D (decimal 381)
   defining Unicode char U+017E (decimal 382)
   defining Unicode char U+200C (decimal 8204)
   defining Unicode char U+2013 (decimal 8211)
   defining Unicode char U+2014 (decimal 8212)
   defining Unicode char U+2018 (decimal 8216)
   defining Unicode char U+2019 (decimal 8217)
   defining Unicode char U+201A (decimal 8218)
   defining Unicode char U+201C (decimal 8220)
   defining Unicode char U+201D (decimal 8221)
   defining Unicode char U+201E (decimal 8222)
   defining Unicode char U+2030 (decimal 8240)
   defining Unicode char U+2031 (decimal 8241)
   defining Unicode char U+2039 (decimal 8249)
   defining Unicode char U+203A (decimal 8250)
   defining Unicode char U+2423 (decimal 9251)
)
Now handling font encoding OT1 ...
... processing UTF-8 mapping file for font encoding OT1
(/usr/share/texmf/tex/latex/base/ot1enc.dfu
File: ot1enc.dfu 2004/02/09 v1.1b UTF-8 support for inputenc
   defining Unicode char U+00A1 (decimal 161)
   defining Unicode char U+00A3 (decimal 163)
   defining Unicode char U+00B8 (decimal 184)
   defining Unicode char U+00BF (decimal 191)
   defining Unicode char U+00C5 (decimal 197)
   defining Unicode char U+00C6 (decimal 198)
   defining Unicode char U+00D8 (decimal 216)
   defining Unicode char U+00DF (decimal 223)
   defining Unicode char U+00E6 (decimal 230)
   defining Unicode char U+00EC (decimal 236)
   defining Unicode char U+00ED (decimal 237)
   defining Unicode char U+00EE (decimal 238)
   defining Unicode char U+00EF (decimal 239)
   defining Unicode char U+00F8 (decimal 248)
   defining Unicode char U+0131 (decimal 305)
   defining Unicode char U+0141 (decimal 321)
   defining Unicode char U+0142 (decimal 322)
   defining Unicode char U+0152 (decimal 338)
   defining Unicode char U+0153 (decimal 339)
   defining Unicode char U+2013 (decimal 8211)
   defining Unicode char U+2014 (decimal 8212)
   defining Unicode char U+2018 (decimal 8216)
   defining Unicode char U+2019 (decimal 8217)
   defining Unicode char U+201C (decimal 8220)
   defining Unicode char U+201D (decimal 8221)
)
Now handling font encoding OMS ...
... processing UTF-8 mapping file for font encoding OMS
(/usr/share/texmf/tex/latex/base/omsenc.dfu
File: omsenc.dfu 2004/02/09 v1.1b UTF-8 support for inputenc
   defining Unicode char U+00A7 (decimal 167)
   defining Unicode char U+00B6 (decimal 182)
   defining Unicode char U+02D9 (decimal 729)
   defining Unicode char U+2020 (decimal 8224)
   defining Unicode char U+2021 (decimal 8225)
   defining Unicode char U+2022 (decimal 8226)
)
Now handling font encoding OMX ...
... no UTF-8 mapping file for font encoding OMX
Now handling font encoding U ...
... no UTF-8 mapping file for font encoding U
Now handling font encoding TS1 ...
... processing UTF-8 mapping file for font encoding TS1
(/usr/share/texmf/tex/latex/base/ts1enc.dfu
File: ts1enc.dfu 2004/02/09 v1.1b UTF-8 support for inputenc
   defining Unicode char U+00A2 (decimal 162)
   defining Unicode char U+00A3 (decimal 163)
   defining Unicode char U+00A4 (decimal 164)
   defining Unicode char U+00A5 (decimal 165)
   defining Unicode char U+00A6 (decimal 166)
   defining Unicode char U+00A7 (decimal 167)
   defining Unicode char U+00A8 (decimal 168)
   defining Unicode char U+00A9 (decimal 169)
   defining Unicode char U+00AA (decimal 170)
   defining Unicode char U+00AC (decimal 172)
   defining Unicode char U+00AE (decimal 174)
   defining Unicode char U+00AF (decimal 175)
   defining Unicode char U+00B0 (decimal 176)
   defining Unicode char U+00B1 (decimal 177)
   defining Unicode char U+00B2 (decimal 178)
   defining Unicode char U+00B3 (decimal 179)
   defining Unicode char U+00B4 (decimal 180)
   defining Unicode char U+00B5 (decimal 181)
   defining Unicode char U+00B6 (decimal 182)
   defining Unicode char U+00B7 (decimal 183)
   defining Unicode char U+00B9 (decimal 185)
   defining Unicode char U+00BA (decimal 186)
   defining Unicode char U+00BC (decimal 188)
   defining Unicode char U+00BD (decimal 189)
   defining Unicode char U+00BE (decimal 190)
   defining Unicode char U+00D7 (decimal 215)
   defining Unicode char U+00F7 (decimal 247)
   defining Unicode char U+0192 (decimal 402)
   defining Unicode char U+02C7 (decimal 711)
   defining Unicode char U+02D8 (decimal 728)
   defining Unicode char U+02DD (decimal 733)
   defining Unicode char U+0E37 (decimal 3639)
   defining Unicode char U+2016 (decimal 8214)
   defining Unicode char U+2020 (decimal 8224)
   defining Unicode char U+2021 (decimal 8225)
   defining Unicode char U+2022 (decimal 8226)
   defining Unicode char U+2030 (decimal 8240)
   defining Unicode char U+2031 (decimal 8241)
   defining Unicode char U+203B (decimal 8251)
   defining Unicode char U+203D (decimal 8253)
   defining Unicode char U+2044 (decimal 8260)
   defining Unicode char U+204E (decimal 8270)
   defining Unicode char U+2052 (decimal 8274)
   defining Unicode char U+20A1 (decimal 8353)
   defining Unicode char U+20A4 (decimal 8356)
   defining Unicode char U+20A6 (decimal 8358)
   defining Unicode char U+20A9 (decimal 8361)
   defining Unicode char U+20AB (decimal 8363)
   defining Unicode char U+20AC (decimal 8364)
   defining Unicode char U+20B1 (decimal 8369)
   defining Unicode char U+2103 (decimal 8451)
   defining Unicode char U+2116 (decimal 8470)
   defining Unicode char U+2117 (decimal 8471)
   defining Unicode char U+211E (decimal 8478)
   defining Unicode char U+2120 (decimal 8480)
   defining Unicode char U+2122 (decimal 8482)
   defining Unicode char U+2126 (decimal 8486)
   defining Unicode char U+2127 (decimal 8487)
   defining Unicode char U+212E (decimal 8494)
   defining Unicode char U+2190 (decimal 8592)
   defining Unicode char U+2191 (decimal 8593)
   defining Unicode char U+2192 (decimal 8594)
   defining Unicode char U+2193 (decimal 8595)
   defining Unicode char U+2329 (decimal 9001)
   defining Unicode char U+232A (decimal 9002)
   defining Unicode char U+2422 (decimal 9250)
   defining Unicode char U+25E6 (decimal 9702)
   defining Unicode char U+25EF (decimal 9711)
   defining Unicode char U+266A (decimal 9834)
)
   defining Unicode char U+00A9 (decimal 169)
   defining Unicode char U+00AA (decimal 170)
   defining Unicode char U+00AE (decimal 174)
   defining Unicode char U+00BA (decimal 186)
   defining Unicode char U+02C6 (decimal 710)
   defining Unicode char U+02CA (decimal 714)
   defining Unicode char U+200C (decimal 8204)
   defining Unicode char U+2026 (decimal 8230)
   defining Unicode char U+2122 (decimal 8482)
   defining Unicode char U+2423 (decimal 9251)
)) (./doxygen.sty
Package: doxygen 
(/usr/share/texmf/tex/latex/tools/calc.sty
Package: calc 1998/07/07 v4.1b Infix arithmetic (KKT,FJ)
\calc@Acount=\count98
\calc@Bcount=\count99
\calc@Adimen=\dimen113
\calc@Bdimen=\dimen114
\calc@Askip=\skip54
\calc@Bskip=\skip55
LaTeX Info: Redefining \setlength on input line 59.
LaTeX Info: Redefining \addtolength on input line 60.
\calc@denominator=\count100
) (/usr/share/texmf/tex/latex/tools/array.sty
Package: array 2003/12/17 v2.4a Tabular extension package (FMi)
\col@sep=\dimen115
\extrarowheight=\dimen116
\NC@list=\toks17
\extratabsurround=\skip56
\backup@length=\skip57
)
\tmplength=\skip58
(/usr/share/texmf/tex/latex/base/fontenc.sty
Package: fontenc 2004/02/22 v1.99f Standard LaTeX package
(/usr/share/texmf/tex/latex/base/t1enc.def
File: t1enc.def 2004/02/22 v1.99f Standard LaTeX file
LaTeX Font Info:    Redeclaring font encoding T1 on input line 43.
)))
\@indexfile=\write3
\openout3 = `refman.idx'.

Writing index file refman.idx
(./refman.aux (./ftgl-faq.aux) (./ftgl-projects.aux) (./ftgl-tutorial.aux) (./c
lassFTBitmapFont.aux) (./classFTBitmapGlyph.aux) (./classFTBuffer.aux) (./class
FTBufferFont.aux) (./classFTBufferGlyph.aux) (./classFTExtrudeFont.aux) (./clas
sFTExtrudeGlyph.aux) (./classFTFont.aux) (./classFTGlyph.aux) (./classFTLayout.
aux) (./classFTOutlineFont.aux) (./classFTOutlineGlyph.aux) (./classFTPixmapFon
t.aux) (./classFTPixmapGlyph.aux) (./classFTPoint.aux) (./classFTPolygonFont.au
x) (./classFTPolygonGlyph.aux) (./classFTSimpleLayout.aux) (./classFTTextureFon
t.aux) (./classFTTextureGlyph.aux) (./FTBBox_8h.aux) (./FTBitmapGlyph_8h.aux) (
./FTBuffer_8h.aux) (./FTBufferFont_8h.aux) (./FTBufferGlyph_8h.aux) (./FTExtrdG
lyph_8h.aux) (./FTFont_8h.aux) (./ftgl_8dox.aux) (./ftgl_8h.aux) (./FTGLBitmapF
ont_8h.aux) (./FTGLExtrdFont_8h.aux) (./FTGLOutlineFont_8h.aux) (./FTGLPixmapFo
nt_8h.aux) (./FTGLPolygonFont_8h.aux) (./FTGLTextureFont_8h.aux) (./FTGlyph_8h.
aux) (./FTLayout_8h.aux) (./FTOutlineGlyph_8h.aux) (./FTPixmapGlyph_8h.aux) (./
FTPoint_8h.aux) (./FTPolyGlyph_8h.aux) (./FTSimpleLayout_8h.aux) (./FTTextureGl
yph_8h.aux) (./projects__using__ftgl_8txt.aux) (./tutorial_8dox.aux))
\openout1 = `refman.aux'.

LaTeX Font Info:    Checking defaults for OML/cmm/m/it on input line 17.
LaTeX Font Info:    ... okay on input line 17.
LaTeX Font Info:    Checking defaults for T1/cmr/m/n on input line 17.
LaTeX Font Info:    ... okay on input line 17.
LaTeX Font Info:    Checking defaults for OT1/cmr/m/n on input line 17.
LaTeX Font Info:    ... okay on input line 17.
LaTeX Font Info:    Checking defaults for OMS/cmsy/m/n on input line 17.
LaTeX Font Info:    ... okay on input line 17.
LaTeX Font Info:    Checking defaults for OMX/cmex/m/n on input line 17.
LaTeX Font Info:    ... okay on input line 17.
LaTeX Font Info:    Checking defaults for U/cmr/m/n on input line 17.
LaTeX Font Info:    ... okay on input line 17.
LaTeX Font Info:    Checking defaults for TS1/cmr/m/n on input line 17.
LaTeX Font Info:    Try loading font information for TS1+cmr on input line 17.
(/usr/share/texmf/tex/latex/base/ts1cmr.fd
File: ts1cmr.fd 1999/05/25 v2.5h Standard LaTeX font definitions
)
LaTeX Font Info:    ... okay on input line 17.
LaTeX Font Info:    Try loading font information for T1+ptm on input line 17.
(/usr/share/texmf/tex/latex/psnfss/t1ptm.fd
File: t1ptm.fd 2001/06/04 font definitions for T1/ptm.
) (/usr/share/texmf/tex/context/base/supp-pdf.tex (/usr/share/texmf/tex/context
/base/supp-mis.tex
loading : Context Support Macros / Miscellaneous (2004.10.26)
\protectiondepth=\count101
\scratchcounter=\count102
\scratchtoks=\toks18
\scratchdimen=\dimen117
\scratchskip=\skip59
\scratchmuskip=\muskip10
\scratchbox=\box54
\scratchread=\read1
\scratchwrite=\write4
\zeropoint=\dimen118
\onepoint=\dimen119
\onebasepoint=\dimen120
\minusone=\count103
\thousandpoint=\dimen121
\onerealpoint=\dimen122
\emptytoks=\toks19
\nextbox=\box55
\nextdepth=\dimen123
\everyline=\toks20
\!!counta=\count104
\!!countb=\count105
\recursecounter=\count106
)
loading : Context Support Macros / PDF (2004.03.26)
\nofMPsegments=\count107
\nofMParguments=\count108
\MPscratchCnt=\count109
\MPscratchDim=\dimen124
\MPnumerator=\count110
\everyMPtoPDFconversion=\toks21
)
LaTeX Font Info:    External font `cmex10' loaded for size
(Font)              <12> on input line 21.
LaTeX Font Info:    External font `cmex10' loaded for size
(Font)              <8> on input line 21.
LaTeX Font Info:    External font `cmex10' loaded for size
(Font)              <6> on input line 21.
[1


{/usr/share/texmf-var/fonts/map/pdftex/updmap/pdftex.map}] [2

]
LaTeX Font Info:    Font shape `T1/ptm/bx/n' in size <24.88> not available
(Font)              Font shape `T1/ptm/b/n' tried instead on input line 30.
(./refman.toc
LaTeX Font Info:    Font shape `T1/ptm/bx/n' in size <10> not available
(Font)              Font shape `T1/ptm/b/n' tried instead on input line 1.
LaTeX Font Info:    External font `cmex10' loaded for size
(Font)              <7> on input line 2.
LaTeX Font Info:    External font `cmex10' loaded for size
(Font)              <5> on input line 2.
[1

]
Underfull \vbox (badness 1389) has occurred while \output is active []

LaTeX Font Info:    Font shape `T1/ptm/bx/n' in size <7> not available
(Font)              Font shape `T1/ptm/b/n' tried instead on input line 63.
[2] [3]
Underfull \vbox (badness 1389) has occurred while \output is active []

[4]
Underfull \vbox (badness 1389) has occurred while \output is active []

[5]
Underfull \vbox (badness 1389) has occurred while \output is active []

[6]
Underfull \vbox (badness 1389) has occurred while \output is active []

[7]
Underfull \vbox (badness 1389) has occurred while \output is active []

[8]
Underfull \vbox (badness 1389) has occurred while \output is active []

[9] [10]
Underfull \vbox (badness 1389) has occurred while \output is active []

[11]
Underfull \vbox (badness 1389) has occurred while \output is active []

[12]
Underfull \vbox (badness 1389) has occurred while \output is active []

[13])
\tf@toc=\write5
\openout5 = `refman.toc'.

[14]
Chapter 1.
LaTeX Font Info:    Font shape `T1/ptm/bx/n' in size <20.74> not available
(Font)              Font shape `T1/ptm/b/n' tried instead on input line 33.
(./index.tex <logo.png, id=67, 240.9pt x 192.72pt>
File: logo.png Graphic file (type png)
<use logo.png>
LaTeX Font Info:    Font shape `T1/ptm/bx/n' in size <14.4> not available
(Font)              Font shape `T1/ptm/b/n' tried instead on input line 3.
LaTeX Font Info:    Try loading font information for TS1+ptm on input line 7.
(/usr/share/texmf/tex/latex/psnfss/ts1ptm.fd
File: ts1ptm.fd 2001/06/04 font definitions for TS1/ptm.
)
LaTeX Font Info:    Try loading font information for T1+pcr on input line 7.
(/usr/share/texmf/tex/latex/psnfss/t1pcr.fd
File: t1pcr.fd 2001/06/04 font definitions for T1/pcr.
) [1


 <./logo.png>]) [2]
Chapter 2.
[3

]
\openout2 = `ftgl-faq.aux'.

(./ftgl-faq.tex
LaTeX Font Info:    Font shape `T1/ptm/bx/n' in size <12> not available
(Font)              Font shape `T1/ptm/b/n' tried instead on input line 2.
) [4

]
Chapter 3.
[5


]
\openout2 = `ftgl-projects.aux'.

(./ftgl-projects.tex
Underfull \hbox (badness 10000) in paragraph at lines 1--2
[]\T1/ptm/m/n/10 To add your project to this list, please con-tact one of the F
TGL de-vel-op-ers at
 []

[6

] [7] [8] [9]
Underfull \hbox (badness 1072) in paragraph at lines 43--43
\T1/ptm/m/n/10 PlanetPenguin Racer (\T1/pcr/m/n/10 http://developer.berlios.de/
projects/ppracer/\T1/ptm/m/n/10 ) is a sim-ple
 []

[10] [11]) [12]
Chapter 4.
[13


]
\openout2 = `ftgl-tutorial.aux'.

(./ftgl-tutorial.tex <rasterfont.png, id=115, 592.2125pt x 112.42pt>
File: rasterfont.png Graphic file (type png)
<use rasterfont.png> <vectorfont.png, id=116, 594.22pt x 228.855pt>
File: vectorfont.png Graphic file (type png)
<use vectorfont.png> [14

 <./rasterfont.png> <./vectorfont.png>] <texturefont.png, id=120, 594.22pt x 14
9.55875pt>
File: texturefont.png Graphic file (type png)
<use texturefont.png> <metrics.png, id=121, 311.564pt x 203.159pt>
File: metrics.png Graphic file (type png)
<use metrics.png> [15 <./texturefont.png>] [16 <./metrics.png>] [17]) [18]
Chapter 5.
(./namespaceFTGL.tex
LaTeX Font Info:    Font shape `T1/ptm/bx/it' in size <10> not available
(Font)              Font shape `T1/ptm/b/it' tried instead on input line 31.
) [19


] [20

]
Chapter 6.
(./classFTBBox.tex [21] [22] [23]) [24]
\openout2 = `classFTBitmapFont.aux'.

(./classFTBitmapFont.tex <classFTBitmapFont.pdf, id=160, 501.875pt x 413.91638p
t>
File: classFTBitmapFont.pdf Graphic file (type pdf)
<use classFTBitmapFont.pdf> [25

 <./classFTBitmapFont.pdf>]) [26]
\openout2 = `classFTBitmapGlyph.aux'.

(./classFTBitmapGlyph.tex <classFTBitmapGlyph.pdf, id=171, 501.875pt x 382.3785
7pt>
File: classFTBitmapGlyph.pdf Graphic file (type pdf)
<use classFTBitmapGlyph.pdf> [27


 <./classFTBitmapGlyph.pdf>]) [28]
\openout2 = `classFTBuffer.aux'.

(./classFTBuffer.tex [29


] [30]) [31]
\openout2 = `classFTBufferFont.aux'.

(./classFTBufferFont.tex <classFTBufferFont.pdf, id=192, 501.875pt x 422.62892p
t>
File: classFTBufferFont.pdf Graphic file (type pdf)
<use classFTBufferFont.pdf> [32


 <./classFTBufferFont.pdf>]) [33]
\openout2 = `classFTBufferGlyph.aux'.

(./classFTBufferGlyph.tex <classFTBufferGlyph.pdf, id=204, 501.875pt x 389.8063
2pt>
File: classFTBufferGlyph.pdf Graphic file (type pdf)
<use classFTBufferGlyph.pdf> [34


 <./classFTBufferGlyph.pdf>]) [35]
\openout2 = `classFTExtrudeFont.aux'.

(./classFTExtrudeFont.tex <classFTExtrudeFont.pdf, id=215, 501.875pt x 389.8063
2pt>
File: classFTExtrudeFont.pdf Graphic file (type pdf)
<use classFTExtrudeFont.pdf> [36


 <./classFTExtrudeFont.pdf>]) [37]
\openout2 = `classFTExtrudeGlyph.aux'.

(./classFTExtrudeGlyph.tex <classFTExtrudeGlyph.pdf, id=226, 501.875pt x 361.71
133pt>
File: classFTExtrudeGlyph.pdf Graphic file (type pdf)
<use classFTExtrudeGlyph.pdf> [38


 <./classFTExtrudeGlyph.pdf>]) [39]
\openout2 = `classFTFont.aux'.

(./classFTFont.tex <classFTFont.pdf, id=238, 501.875pt x 54.11217pt>
File: classFTFont.pdf Graphic file (type pdf)
<use classFTFont.pdf>
LaTeX Font Info:    Font shape `T1/ptm/bx/it' in size <9> not available
(Font)              Font shape `T1/ptm/b/it' tried instead on input line 42.
[40


 <./classFTFont.pdf>] [41]
LaTeX Font Info:    Font shape `T1/pcr/bx/n' in size <10> not available
(Font)              Font shape `T1/pcr/b/n' tried instead on input line 102.
[42] [43]
Underfull \hbox (badness 2302) in paragraph at lines 234--236
[]\T1/ptm/m/n/10 References BBox(), FTB-Box::Lower(), FTB-Box::Upper(), FT-Poin
t::Xf(), FT-Point::Yf(), and FT-
 []

[44]
Underfull \hbox (badness 2302) in paragraph at lines 264--266
[]\T1/ptm/m/n/10 References BBox(), FTB-Box::Lower(), FTB-Box::Upper(), FT-Poin
t::Xf(), FT-Point::Yf(), and FT-
 []

[45] [46] [47] [48] [49]) [50]
\openout2 = `classFTGlyph.aux'.

(./classFTGlyph.tex <classFTGlyph.pdf, id=280, 501.875pt x 50.318pt>
File: classFTGlyph.pdf Graphic file (type pdf)
<use classFTGlyph.pdf> [51


 <./classFTGlyph.pdf>] [52]) [53]
\openout2 = `classFTLayout.aux'.

(./classFTLayout.tex <classFTLayout.pdf, id=295, 501.875pt x 365.00366pt>
File: classFTLayout.pdf Graphic file (type pdf)
<use classFTLayout.pdf> [54


 <./classFTLayout.pdf>] [55]) [56]
\openout2 = `classFTOutlineFont.aux'.

(./classFTOutlineFont.tex <classFTOutlineFont.pdf, id=309, 501.875pt x 401.5pt>
File: classFTOutlineFont.pdf Graphic file (type pdf)
<use classFTOutlineFont.pdf> [57


 <./classFTOutlineFont.pdf>]) [58]
\openout2 = `classFTOutlineGlyph.aux'.

(./classFTOutlineGlyph.tex <classFTOutlineGlyph.pdf, id=321, 501.875pt x 371.75
888pt>
File: classFTOutlineGlyph.pdf Graphic file (type pdf)
<use classFTOutlineGlyph.pdf> [59


 <./classFTOutlineGlyph.pdf>]) [60]
\openout2 = `classFTPixmapFont.aux'.

(./classFTPixmapFont.tex <classFTPixmapFont.pdf, id=332, 501.875pt x 401.5pt>
File: classFTPixmapFont.pdf Graphic file (type pdf)
<use classFTPixmapFont.pdf> [61


 <./classFTPixmapFont.pdf>]) [62]
\openout2 = `classFTPixmapGlyph.aux'.

(./classFTPixmapGlyph.tex <classFTPixmapGlyph.pdf, id=343, 501.875pt x 371.7588
8pt>
File: classFTPixmapGlyph.pdf Graphic file (type pdf)
<use classFTPixmapGlyph.pdf> [63


 <./classFTPixmapGlyph.pdf>]) [64]
\openout2 = `classFTPoint.aux'.

(./classFTPoint.tex
LaTeX Font Info:    External font `cmex10' loaded for size
(Font)              <9> on input line 28.
[65


] [66] [67] [68] [69] [70]) [71]
\openout2 = `classFTPolygonFont.aux'.

(./classFTPolygonFont.tex <classFTPolygonFont.pdf, id=383, 501.875pt x 378.7750
9pt>
File: classFTPolygonFont.pdf Graphic file (type pdf)
<use classFTPolygonFont.pdf> [72


 <./classFTPolygonFont.pdf>]) [73]
\openout2 = `classFTPolygonGlyph.aux'.

(./classFTPolygonGlyph.tex <classFTPolygonGlyph.pdf, id=394, 501.875pt x 352.19
58pt>
File: classFTPolygonGlyph.pdf Graphic file (type pdf)
<use classFTPolygonGlyph.pdf> [74


 <./classFTPolygonGlyph.pdf>]) [75]
\openout2 = `classFTSimpleLayout.aux'.

(./classFTSimpleLayout.tex <classFTSimpleLayout.pdf, id=406, 501.875pt x 365.00
366pt>
File: classFTSimpleLayout.pdf Graphic file (type pdf)
<use classFTSimpleLayout.pdf> [76


 <./classFTSimpleLayout.pdf>] [77] [78]) [79]
\openout2 = `classFTTextureFont.aux'.

(./classFTTextureFont.tex <classFTTextureFont.pdf, id=423, 501.875pt x 393.6306
pt>
File: classFTTextureFont.pdf Graphic file (type pdf)
<use classFTTextureFont.pdf> [80


 <./classFTTextureFont.pdf>]) [81]
\openout2 = `classFTTextureGlyph.aux'.

(./classFTTextureGlyph.tex <classFTTextureGlyph.pdf, id=435, 501.875pt x 365.00
366pt>
File: classFTTextureGlyph.pdf Graphic file (type pdf)
<use classFTTextureGlyph.pdf> [82


 <./classFTTextureGlyph.pdf>]) [83] [84


]
Chapter 7.
(./faq_8dox.tex) [85]
\openout2 = `FTBBox_8h.aux'.

(./FTBBox_8h.tex) [86

]
\openout2 = `FTBitmapGlyph_8h.aux'.

(./FTBitmapGlyph_8h.tex) [87


]
\openout2 = `FTBuffer_8h.aux'.

(./FTBuffer_8h.tex) [88


]
\openout2 = `FTBufferFont_8h.aux'.

(./FTBufferFont_8h.tex) [89


]
\openout2 = `FTBufferGlyph_8h.aux'.

(./FTBufferGlyph_8h.tex) [90


]
\openout2 = `FTExtrdGlyph_8h.aux'.

(./FTExtrdGlyph_8h.tex) [91


]
\openout2 = `FTFont_8h.aux'.

(./FTFont_8h.tex
Underfull \hbox (badness 3792) in paragraph at lines 17--18
[]\T1/ptm/b/n/10 FTGLfont $\OMS/cmsy/m/n/10 ^^C$ \T1/ptm/b/n/10 ft-glCre-ate-Cu
s-tom-Font \T1/ptm/m/n/10 (char const $\OMS/cmsy/m/n/10 ^^C$\T1/ptm/m/n/10 font
FilePath, void $\OMS/cmsy/m/n/10 ^^C$\T1/ptm/m/n/10 data, \T1/ptm/b/n/10 FT-GLg
lyph
 []

[92


] [93] [94] [95] [96] [97]) [98]
\openout2 = `ftgl_8dox.aux'.

(./ftgl_8dox.tex) [99


]
\openout2 = `ftgl_8h.aux'.

(./ftgl_8h.tex [100


]) [101]
\openout2 = `FTGLBitmapFont_8h.aux'.

(./FTGLBitmapFont_8h.tex) [102


]
\openout2 = `FTGLExtrdFont_8h.aux'.

(./FTGLExtrdFont_8h.tex) [103


]
\openout2 = `FTGLOutlineFont_8h.aux'.

(./FTGLOutlineFont_8h.tex) [104


]
\openout2 = `FTGLPixmapFont_8h.aux'.

(./FTGLPixmapFont_8h.tex) [105


]
\openout2 = `FTGLPolygonFont_8h.aux'.

(./FTGLPolygonFont_8h.tex) [106


]
\openout2 = `FTGLTextureFont_8h.aux'.

(./FTGLTextureFont_8h.tex) [107


]
\openout2 = `FTGlyph_8h.aux'.

(./FTGlyph_8h.tex
Underfull \hbox (badness 10000) in paragraph at lines 17--18
[]\T1/ptm/b/n/10 FTGLglyph $\OMS/cmsy/m/n/10 ^^C$ \T1/ptm/b/n/10 ft-glCre-ate-C
us-tomG-lyph \T1/ptm/m/n/10 (\T1/ptm/b/n/10 FT-GLglyph $\OMS/cmsy/m/n/10 ^^C$\T
1/ptm/m/n/10 base, void $\OMS/cmsy/m/n/10 ^^C$\T1/ptm/m/n/10 data,
 []

[108


] [109]) [110]
\openout2 = `FTLayout_8h.aux'.

(./FTLayout_8h.tex [111


]) [112]
\openout2 = `FTOutlineGlyph_8h.aux'.

(./FTOutlineGlyph_8h.tex) [113


]
\openout2 = `FTPixmapGlyph_8h.aux'.

(./FTPixmapGlyph_8h.tex) [114


]
\openout2 = `FTPoint_8h.aux'.

(./FTPoint_8h.tex) [115


]
\openout2 = `FTPolyGlyph_8h.aux'.

(./FTPolyGlyph_8h.tex) [116


]
\openout2 = `FTSimpleLayout_8h.aux'.

(./FTSimpleLayout_8h.tex) [117


]
\openout2 = `FTTextureGlyph_8h.aux'.

(./FTTextureGlyph_8h.tex) [118


]
\openout2 = `projects__using__ftgl_8txt.aux'.

(./projects__using__ftgl_8txt.tex) [119


]
\openout2 = `tutorial_8dox.aux'.

(./tutorial_8dox.tex) [120


] (./refman.ind [121


] [122] [123] [124] [125] [126]) (./refman.aux (./ftgl-faq.aux) (./ftgl-project
s.aux) (./ftgl-tutorial.aux) (./classFTBitmapFont.aux) (./classFTBitmapGlyph.au
x) (./classFTBuffer.aux) (./classFTBufferFont.aux) (./classFTBufferGlyph.aux) (
./classFTExtrudeFont.aux) (./classFTExtrudeGlyph.aux) (./classFTFont.aux) (./cl
assFTGlyph.aux) (./classFTLayout.aux) (./classFTOutlineFont.aux) (./classFTOutl
ineGlyph.aux) (./classFTPixmapFont.aux) (./classFTPixmapGlyph.aux) (./classFTPo
int.aux) (./classFTPolygonFont.aux) (./classFTPolygonGlyph.aux) (./classFTSimpl
eLayout.aux) (./classFTTextureFont.aux) (./classFTTextureGlyph.aux) (./FTBBox_8
h.aux) (./FTBitmapGlyph_8h.aux) (./FTBuffer_8h.aux) (./FTBufferFont_8h.aux) (./
FTBufferGlyph_8h.aux) (./FTExtrdGlyph_8h.aux) (./FTFont_8h.aux) (./ftgl_8dox.au
x) (./ftgl_8h.aux) (./FTGLBitmapFont_8h.aux) (./FTGLExtrdFont_8h.aux) (./FTGLOu
tlineFont_8h.aux) (./FTGLPixmapFont_8h.aux) (./FTGLPolygonFont_8h.aux) (./FTGLT
extureFont_8h.aux) (./FTGlyph_8h.aux) (./FTLayout_8h.aux) (./FTOutlineGlyph_8h.
aux) (./FTPixmapGlyph_8h.aux) (./FTPoint_8h.aux) (./FTPolyGlyph_8h.aux) (./FTSi
mpleLayout_8h.aux) (./FTTextureGlyph_8h.aux) (./projects__using__ftgl_8txt.aux)
(./tutorial_8dox.aux)) ) 
Here is how much of TeX's memory you used:
 3282 strings out of 94500
 53222 string characters out of 1176767
 96322 words of memory out of 1000000
 6038 multiletter control sequences out of 10000+50000
 51250 words of font info for 63 fonts, out of 500000 for 2000
 580 hyphenation exceptions out of 1000
 37i,11n,43p,763b,408s stack positions out of 1500i,500n,5000p,200000b,5000s
PDF statistics:
 581 PDF objects out of 300000
 0 named destinations out of 131072
 116 words of extra memory for PDF output out of 65536
</usr/share/texmf/fonts/type1/bluesky/cm/cmsy6.pfb></us
r/share/texmf/fonts/type1/bluesky/cm/cmsy9.pfb>{/usr/share/texmf/fonts/enc/dvip
s/psnfss/8r.enc}</usr/share/texmf/fonts/type1/urw/courier/ucrb8a.pfb></usr/shar
e/texmf/fonts/type1/urw/times/utmri8a.pfb></usr/share/texmf/fonts/type1/urw/tim
es/utmbi8a.pfb></usr/share/texmf/fonts/type1/bluesky/cm/cmmi12.pfb></usr/share/
texmf/fonts/type1/urw/courier/ucrr8a.pfb></usr/share/texmf/fonts/type1/bluesky/
cm/cmsy7.pfb></usr/share/texmf/fonts/type1/bluesky/cm/cmmi10.pfb></usr/share/te
xmf/fonts/type1/urw/times/utmb8a.pfb></usr/share/texmf/fonts/type1/bluesky/cm/c
msy10.pfb></usr/share/texmf/fonts/type1/urw/times/utmr8a.pfb>
Output written on refman.pdf (142 pages, 478843 bytes).
