This file contains any messages produced by compilers while
running configure, to aid debugging if configure makes a mistake.

It was created by FTGL configure 2.1.3~rc5, which was
generated by GNU Autoconf 2.61.  Invocation command line was

  $ ./configure 

## --------- ##
## Platform. ##
## --------- ##

hostname = darkstar
uname -m = x86_64
uname -r = 2.6.33.1
uname -s = Linux
uname -v = #12 SMP Sat May 29 11:17:07 CEST 2010

/usr/bin/uname -p = Intel(R) Core(TM)2 Duo CPU     E6550  @ 2.33GHz
/bin/uname -X     = unknown

/bin/arch              = x86_64
/usr/bin/arch -k       = unknown
/usr/convex/getsysinfo = unknown
/usr/bin/hostinfo      = unknown
/bin/machine           = unknown
/usr/bin/oslevel       = unknown
/bin/universe          = unknown

PATH: /bin
PATH: /sbin/
PATH: /usr/sbin/
PATH: /bin
PATH: /sbin/
PATH: /usr/sbin/
PATH: /usr/local/bin
PATH: /usr/bin
PATH: /bin
PATH: /usr/games
PATH: /usr/lib64/java/bin
PATH: /usr/lib64/kde4/libexec
PATH: /usr/lib64/qt/bin
PATH: /usr/share/texmf/bin
PATH: .


## ----------- ##
## Core tests. ##
## ----------- ##

configure:2041: checking for a BSD-compatible install
configure:2097: result: /bin/ginstall -c
configure:2108: checking whether build environment is sane
configure:2151: result: yes
configure:2179: checking for a thread-safe mkdir -p
configure:2218: result: /bin/mkdir -p
configure:2231: checking for gawk
configure:2247: found /bin/gawk
configure:2258: result: gawk
configure:2269: checking whether make sets $(MAKE)
configure:2290: result: yes
configure:2484: checking for style of include used by make
configure:2512: result: GNU
configure:2540: checking build system type
configure:2558: result: x86_64-unknown-linux-gnu
configure:2580: checking host system type
configure:2595: result: x86_64-unknown-linux-gnu
configure:2694: checking for g++
configure:2710: found /usr/bin/g++
configure:2721: result: g++
configure:2752: checking for C++ compiler version
configure:2759: g++ --version >&5
g++ (GCC) 4.3.3
Copyright (C) 2008 Free Software Foundation, Inc.
This is free software; see the source for copying conditions.  There is NO
warranty; not even for MERCHANTABILITY or FITNESS FOR A PARTICULAR PURPOSE.

configure:2762: $? = 0
configure:2769: g++ -v >&5
Reading specs from /usr/lib64/gcc/x86_64-slackware-linux/4.3.3/specs
Target: x86_64-slackware-linux
Configured with: ../gcc-4.3.3/configure --prefix=/usr --libdir=/usr/lib64 --enable-shared --enable-bootstrap --enable-languages=ada,c,c++,fortran,java,objc --enable-threads=posix --enable-checking=release --with-system-zlib --disable-libunwind-exceptions --enable-__cxa_atexit --enable-libssp --with-gnu-ld --verbose --disable-multilib --target=x86_64-slackware-linux --build=x86_64-slackware-linux --host=x86_64-slackware-linux
Thread model: posix
gcc version 4.3.3 (GCC) 
configure:2772: $? = 0
configure:2779: g++ -V >&5
g++: '-V' option must have argument
configure:2782: $? = 1
configure:2805: checking for C++ compiler default output file name
configure:2832: g++    conftest.cpp  >&5
configure:2835: $? = 0
configure:2873: result: a.out
configure:2890: checking whether the C++ compiler works
configure:2900: ./a.out
configure:2903: $? = 0
configure:2920: result: yes
configure:2927: checking whether we are cross compiling
configure:2929: result: no
configure:2932: checking for suffix of executables
configure:2939: g++ -o conftest    conftest.cpp  >&5
configure:2942: $? = 0
configure:2966: result: 
configure:2972: checking for suffix of object files
configure:2998: g++ -c   conftest.cpp >&5
configure:3001: $? = 0
configure:3024: result: o
configure:3028: checking whether we are using the GNU C++ compiler
configure:3057: g++ -c   conftest.cpp >&5
configure:3063: $? = 0
configure:3080: result: yes
configure:3085: checking whether g++ accepts -g
configure:3115: g++ -c -g  conftest.cpp >&5
configure:3121: $? = 0
configure:3220: result: yes
configure:3245: checking dependency style of g++
configure:3336: result: gcc3
configure:3482: checking for gcc
configure:3498: found /usr/bin/gcc
configure:3509: result: gcc
configure:3747: checking for C compiler version
configure:3754: gcc --version >&5
gcc (GCC) 4.3.3
Copyright (C) 2008 Free Software Foundation, Inc.
This is free software; see the source for copying conditions.  There is NO
warranty; not even for MERCHANTABILITY or FITNESS FOR A PARTICULAR PURPOSE.

configure:3757: $? = 0
configure:3764: gcc -v >&5
Reading specs from /usr/lib64/gcc/x86_64-slackware-linux/4.3.3/specs
Target: x86_64-slackware-linux
Configured with: ../gcc-4.3.3/configure --prefix=/usr --libdir=/usr/lib64 --enable-shared --enable-bootstrap --enable-languages=ada,c,c++,fortran,java,objc --enable-threads=posix --enable-checking=release --with-system-zlib --disable-libunwind-exceptions --enable-__cxa_atexit --enable-libssp --with-gnu-ld --verbose --disable-multilib --target=x86_64-slackware-linux --build=x86_64-slackware-linux --host=x86_64-slackware-linux
Thread model: posix
gcc version 4.3.3 (GCC) 
configure:3767: $? = 0
configure:3774: gcc -V >&5
gcc: '-V' option must have argument
configure:3777: $? = 1
configure:3780: checking whether we are using the GNU C compiler
configure:3809: gcc -c   conftest.c >&5
configure:3815: $? = 0
configure:3832: result: yes
configure:3837: checking whether gcc accepts -g
configure:3867: gcc -c -g  conftest.c >&5
configure:3873: $? = 0
configure:3972: result: yes
configure:3989: checking for gcc option to accept ISO C89
configure:4063: gcc  -c -g -O2  conftest.c >&5
configure:4069: $? = 0
configure:4092: result: none needed
configure:4112: checking dependency style of gcc
configure:4203: result: gcc3
configure:4218: checking for a sed that does not truncate output
configure:4274: result: /bin/sed
configure:4277: checking for grep that handles long lines and -e
configure:4351: result: /bin/grep
configure:4356: checking for egrep
configure:4434: result: /bin/grep -E
configure:4450: checking for ld used by gcc
configure:4517: result: /usr/x86_64-slackware-linux/bin/ld
configure:4526: checking if the linker (/usr/x86_64-slackware-linux/bin/ld) is GNU ld
configure:4541: result: yes
configure:4546: checking for /usr/x86_64-slackware-linux/bin/ld option to reload object files
configure:4553: result: -r
configure:4571: checking for BSD-compatible nm
configure:4620: result: /usr/bin/nm -B
configure:4624: checking whether ln -s works
configure:4628: result: yes
configure:4635: checking how to recognize dependent libraries
configure:4821: result: pass_all
configure:4910: gcc -c -g -O2  conftest.c >&5
configure:4913: $? = 0
configure:5066: checking how to run the C preprocessor
configure:5106: gcc -E  conftest.c
configure:5112: $? = 0
configure:5143: gcc -E  conftest.c
conftest.c:8:28: error: ac_nonexistent.h: No such file or directory
configure:5149: $? = 1
configure: failed program was:
| /* confdefs.h.  */
| #define PACKAGE_NAME "FTGL"
| #define PACKAGE_TARNAME "ftgl"
| #define PACKAGE_VERSION "2.1.3~rc5"
| #define PACKAGE_STRING "FTGL 2.1.3~rc5"
| #define PACKAGE_BUGREPORT "sam@zoy.org"
| /* end confdefs.h.  */
| #include <ac_nonexistent.h>
configure:5182: result: gcc -E
configure:5211: gcc -E  conftest.c
configure:5217: $? = 0
configure:5248: gcc -E  conftest.c
conftest.c:8:28: error: ac_nonexistent.h: No such file or directory
configure:5254: $? = 1
configure: failed program was:
| /* confdefs.h.  */
| #define PACKAGE_NAME "FTGL"
| #define PACKAGE_TARNAME "ftgl"
| #define PACKAGE_VERSION "2.1.3~rc5"
| #define PACKAGE_STRING "FTGL 2.1.3~rc5"
| #define PACKAGE_BUGREPORT "sam@zoy.org"
| /* end confdefs.h.  */
| #include <ac_nonexistent.h>
configure:5292: checking for ANSI C header files
configure:5322: gcc -c -g -O2  conftest.c >&5
configure:5328: $? = 0
configure:5427: gcc -o conftest -g -O2   conftest.c  >&5
configure:5430: $? = 0
configure:5436: ./conftest
configure:5439: $? = 0
configure:5456: result: yes
configure:5480: checking for sys/types.h
configure:5501: gcc -c -g -O2  conftest.c >&5
configure:5507: $? = 0
configure:5523: result: yes
configure:5480: checking for sys/stat.h
configure:5501: gcc -c -g -O2  conftest.c >&5
configure:5507: $? = 0
configure:5523: result: yes
configure:5480: checking for stdlib.h
configure:5501: gcc -c -g -O2  conftest.c >&5
configure:5507: $? = 0
configure:5523: result: yes
configure:5480: checking for string.h
configure:5501: gcc -c -g -O2  conftest.c >&5
configure:5507: $? = 0
configure:5523: result: yes
configure:5480: checking for memory.h
configure:5501: gcc -c -g -O2  conftest.c >&5
configure:5507: $? = 0
configure:5523: result: yes
configure:5480: checking for strings.h
configure:5501: gcc -c -g -O2  conftest.c >&5
configure:5507: $? = 0
configure:5523: result: yes
configure:5480: checking for inttypes.h
configure:5501: gcc -c -g -O2  conftest.c >&5
configure:5507: $? = 0
configure:5523: result: yes
configure:5480: checking for stdint.h
configure:5501: gcc -c -g -O2  conftest.c >&5
configure:5507: $? = 0
configure:5523: result: yes
configure:5480: checking for unistd.h
configure:5501: gcc -c -g -O2  conftest.c >&5
configure:5507: $? = 0
configure:5523: result: yes
configure:5550: checking dlfcn.h usability
configure:5567: gcc -c -g -O2  conftest.c >&5
configure:5573: $? = 0
configure:5587: result: yes
configure:5591: checking dlfcn.h presence
configure:5606: gcc -E  conftest.c
configure:5612: $? = 0
configure:5626: result: yes
configure:5659: checking for dlfcn.h
configure:5667: result: yes
configure:5690: checking how to run the C++ preprocessor
configure:5726: g++ -E  conftest.cpp
configure:5732: $? = 0
configure:5763: g++ -E  conftest.cpp
conftest.cpp:19:28: error: ac_nonexistent.h: No such file or directory
configure:5769: $? = 1
configure: failed program was:
| /* confdefs.h.  */
| #define PACKAGE_NAME "FTGL"
| #define PACKAGE_TARNAME "ftgl"
| #define PACKAGE_VERSION "2.1.3~rc5"
| #define PACKAGE_STRING "FTGL 2.1.3~rc5"
| #define PACKAGE_BUGREPORT "sam@zoy.org"
| #define STDC_HEADERS 1
| #define HAVE_SYS_TYPES_H 1
| #define HAVE_SYS_STAT_H 1
| #define HAVE_STDLIB_H 1
| #define HAVE_STRING_H 1
| #define HAVE_MEMORY_H 1
| #define HAVE_STRINGS_H 1
| #define HAVE_INTTYPES_H 1
| #define HAVE_STDINT_H 1
| #define HAVE_UNISTD_H 1
| #define HAVE_DLFCN_H 1
| /* end confdefs.h.  */
| #include <ac_nonexistent.h>
configure:5802: result: g++ -E
configure:5831: g++ -E  conftest.cpp
configure:5837: $? = 0
configure:5868: g++ -E  conftest.cpp
conftest.cpp:19:28: error: ac_nonexistent.h: No such file or directory
configure:5874: $? = 1
configure: failed program was:
| /* confdefs.h.  */
| #define PACKAGE_NAME "FTGL"
| #define PACKAGE_TARNAME "ftgl"
| #define PACKAGE_VERSION "2.1.3~rc5"
| #define PACKAGE_STRING "FTGL 2.1.3~rc5"
| #define PACKAGE_BUGREPORT "sam@zoy.org"
| #define STDC_HEADERS 1
| #define HAVE_SYS_TYPES_H 1
| #define HAVE_SYS_STAT_H 1
| #define HAVE_STDLIB_H 1
| #define HAVE_STRING_H 1
| #define HAVE_MEMORY_H 1
| #define HAVE_STRINGS_H 1
| #define HAVE_INTTYPES_H 1
| #define HAVE_STDINT_H 1
| #define HAVE_UNISTD_H 1
| #define HAVE_DLFCN_H 1
| /* end confdefs.h.  */
| #include <ac_nonexistent.h>
configure:5967: checking for g77
configure:5983: found /usr/bin/g77
configure:5994: result: g77
configure:6024: checking for Fortran 77 compiler version
configure:6031: g77 --version >&5
GNU Fortran (GCC) 4.3.3
Copyright (C) 2008 Free Software Foundation, Inc.

GNU Fortran comes with NO WARRANTY, to the extent permitted by law.
You may redistribute copies of GNU Fortran
under the terms of the GNU General Public License.
For more information about these matters, see the file named COPYING

configure:6034: $? = 0
configure:6041: g77 -v >&5
Reading specs from /usr/lib64/gcc/x86_64-slackware-linux/4.3.3/specs
Target: x86_64-slackware-linux
Configured with: ../gcc-4.3.3/configure --prefix=/usr --libdir=/usr/lib64 --enable-shared --enable-bootstrap --enable-languages=ada,c,c++,fortran,java,objc --enable-threads=posix --enable-checking=release --with-system-zlib --disable-libunwind-exceptions --enable-__cxa_atexit --enable-libssp --with-gnu-ld --verbose --disable-multilib --target=x86_64-slackware-linux --build=x86_64-slackware-linux --host=x86_64-slackware-linux
Thread model: posix
gcc version 4.3.3 (GCC) 
configure:6044: $? = 0
configure:6051: g77 -V >&5
g77: '-V' option must have argument
configure:6054: $? = 1
configure:6062: checking whether we are using the GNU Fortran 77 compiler
configure:6081: g77 -c  conftest.F >&5
configure:6087: $? = 0
configure:6104: result: yes
configure:6110: checking whether g77 accepts -g
configure:6127: g77 -c -g conftest.f >&5
configure:6133: $? = 0
configure:6149: result: yes
configure:6178: checking the maximum length of command line arguments
configure:6290: result: 1572864
configure:6302: checking command to parse /usr/bin/nm -B output from gcc object
configure:6407: gcc -c -g -O2  conftest.c >&5
configure:6410: $? = 0
configure:6414: /usr/bin/nm -B conftest.o \| sed -n -e 's/^.*[ 	]\([ABCDGIRSTW][ABCDGIRSTW]*\)[ 	][ 	]*\([_A-Za-z][_A-Za-z0-9]*\)$/\1 \2 \2/p' \> conftest.nm
configure:6417: $? = 0
configure:6469: gcc -o conftest -g -O2   conftest.c conftstm.o >&5
configure:6472: $? = 0
configure:6510: result: ok
configure:6514: checking for objdir
configure:6529: result: .libs
configure:6621: checking for ar
configure:6637: found /usr/bin/ar
configure:6648: result: ar
configure:6717: checking for ranlib
configure:6733: found /usr/bin/ranlib
configure:6744: result: ranlib
configure:6813: checking for strip
configure:6829: found /usr/bin/strip
configure:6840: result: strip
configure:7438: checking if gcc supports -fno-rtti -fno-exceptions
configure:7456: gcc -c -g -O2  -fno-rtti -fno-exceptions conftest.c >&5
cc1: warning: command line option "-fno-rtti" is valid for C++/ObjC++ but not for C
configure:7460: $? = 0
configure:7473: result: no
configure:7488: checking for gcc option to produce PIC
configure:7720: result: -fPIC
configure:7728: checking if gcc PIC flag -fPIC works
configure:7746: gcc -c -g -O2  -fPIC -DPIC conftest.c >&5
configure:7750: $? = 0
configure:7763: result: yes
configure:7791: checking if gcc static flag -static works
configure:7819: result: yes
configure:7829: checking if gcc supports -c -o file.o
configure:7850: gcc -c -g -O2  -o out/conftest2.o conftest.c >&5
configure:7854: $? = 0
configure:7876: result: yes
configure:7902: checking whether the gcc linker (/usr/x86_64-slackware-linux/bin/ld -m elf_x86_64) supports shared libraries
configure:8883: result: yes
configure:8904: checking whether -lc should be explicitly linked in
configure:8909: gcc -c -g -O2  conftest.c >&5
configure:8912: $? = 0
configure:8927: gcc -shared conftest.o  -v -Wl,-soname -Wl,conftest -o conftest 2\>\&1 \| grep  -lc  \>/dev/null 2\>\&1
configure:8930: $? = 0
configure:8942: result: no
configure:8950: checking dynamic linker characteristics
configure:9564: result: GNU/Linux ld.so
configure:9588: checking how to hardcode library paths into programs
configure:9613: result: immediate
configure:9627: checking whether stripping libraries is possible
configure:9632: result: yes
configure:10434: checking if libtool supports shared libraries
configure:10436: result: yes
configure:10439: checking whether to build shared libraries
configure:10460: result: yes
configure:10463: checking whether to build static libraries
configure:10467: result: yes
configure:10561: creating libtool
configure:11154: checking for ld used by g++
configure:11221: result: /usr/x86_64-slackware-linux/bin/ld -m elf_x86_64
configure:11230: checking if the linker (/usr/x86_64-slackware-linux/bin/ld -m elf_x86_64) is GNU ld
configure:11245: result: yes
configure:11296: checking whether the g++ linker (/usr/x86_64-slackware-linux/bin/ld -m elf_x86_64) supports shared libraries
configure:12242: result: yes
configure:12259: g++ -c -g -O2  conftest.cpp >&5
configure:12262: $? = 0
configure:12418: checking for g++ option to produce PIC
configure:12702: result: -fPIC
configure:12710: checking if g++ PIC flag -fPIC works
configure:12728: g++ -c -g -O2  -fPIC -DPIC conftest.cpp >&5
configure:12732: $? = 0
configure:12745: result: yes
configure:12773: checking if g++ static flag -static works
configure:12801: result: yes
configure:12811: checking if g++ supports -c -o file.o
configure:12832: g++ -c -g -O2  -o out/conftest2.o conftest.cpp >&5
configure:12836: $? = 0
configure:12858: result: yes
configure:12884: checking whether the g++ linker (/usr/x86_64-slackware-linux/bin/ld -m elf_x86_64) supports shared libraries
configure:12913: result: yes
configure:12980: checking dynamic linker characteristics
configure:13542: result: GNU/Linux ld.so
configure:13566: checking how to hardcode library paths into programs
configure:13591: result: immediate
configure:14130: checking if libtool supports shared libraries
configure:14132: result: yes
configure:14135: checking whether to build shared libraries
configure:14155: result: yes
configure:14158: checking whether to build static libraries
configure:14162: result: yes
configure:14172: checking for g77 option to produce PIC
configure:14404: result: -fPIC
configure:14412: checking if g77 PIC flag -fPIC works
configure:14430: g77 -c -g -O2 -fPIC conftest.f >&5
configure:14434: $? = 0
configure:14447: result: yes
configure:14475: checking if g77 static flag -static works
configure:14503: result: yes
configure:14513: checking if g77 supports -c -o file.o
configure:14534: g77 -c -g -O2 -o out/conftest2.o conftest.f >&5
configure:14538: $? = 0
configure:14560: result: yes
configure:14586: checking whether the g77 linker (/usr/x86_64-slackware-linux/bin/ld -m elf_x86_64) supports shared libraries
configure:15547: result: yes
configure:15614: checking dynamic linker characteristics
configure:16176: result: GNU/Linux ld.so
configure:16200: checking how to hardcode library paths into programs
configure:16225: result: immediate
configure:19851: checking for a BSD-compatible install
configure:19907: result: /bin/ginstall -c
configure:19922: checking whether gcc and cc understand -c and -o together
configure:19957: gcc -c conftest.c -o conftest2.o >&5
configure:19960: $? = 0
configure:19966: gcc -c conftest.c -o conftest2.o >&5
configure:19969: $? = 0
configure:19980: cc -c conftest.c >&5
configure:19983: $? = 0
configure:19991: cc -c conftest.c -o conftest2.o >&5
configure:19994: $? = 0
configure:20000: cc -c conftest.c -o conftest2.o >&5
configure:20003: $? = 0
configure:20021: result: yes
configure:20049: checking for ANSI C header files
configure:20213: result: yes
configure:20224: checking for stdlib.h
configure:20229: result: yes
configure:20361: checking for wcsdup
configure:20417: gcc -o conftest -g -O2   conftest.c  >&5
configure:20423: $? = 0
configure:20441: result: yes
configure:20455: checking for strndup
configure:20511: gcc -o conftest -g -O2   conftest.c  >&5
conftest.c:44: warning: conflicting types for built-in function 'strndup'
configure:20517: $? = 0
configure:20535: result: yes
configure:20548: checking for X
configure:20783: result: libraries /usr/lib64, headers 
configure:20832: checking for freetype-config
configure:20850: found /usr/local/bin/freetype-config
configure:20863: result: /usr/local/bin/freetype-config
configure:20873: checking for FreeType -- version >= 9.0.3
configure:20964: gcc -o conftest -g -O2  -I/usr/local/include/freetype2 -I/usr/local/include  conftest.c -L/usr/local/lib -lfreetype -lz  >&5
configure:20967: $? = 0
configure:20973: ./conftest
configure:20976: $? = 0
configure:20999: result: yes
configure:21078: checking whether -R must be followed by a space
configure:21104: gcc -o conftest -g -O2   conftest.c  -R/usr/lib64 >&5
gcc: unrecognized option '-R/usr/lib64'
configure:21110: $? = 0
configure: failed program was:
| /* confdefs.h.  */
| #define PACKAGE_NAME "FTGL"
| #define PACKAGE_TARNAME "ftgl"
| #define PACKAGE_VERSION "2.1.3~rc5"
| #define PACKAGE_STRING "FTGL 2.1.3~rc5"
| #define PACKAGE_BUGREPORT "sam@zoy.org"
| #define STDC_HEADERS 1
| #define HAVE_SYS_TYPES_H 1
| #define HAVE_SYS_STAT_H 1
| #define HAVE_STDLIB_H 1
| #define HAVE_STRING_H 1
| #define HAVE_MEMORY_H 1
| #define HAVE_STRINGS_H 1
| #define HAVE_INTTYPES_H 1
| #define HAVE_STDINT_H 1
| #define HAVE_UNISTD_H 1
| #define HAVE_DLFCN_H 1
| #define STDC_HEADERS 1
| #define HAVE_WCSDUP 1
| #define HAVE_STRNDUP 1
| /* end confdefs.h.  */
| 
| int
| main ()
| {
| 
|   ;
|   return 0;
| }
configure:21145: gcc -o conftest -g -O2   conftest.c  -R /usr/lib64 >&5
gcc: unrecognized option '-R'
/usr/lib64: file not recognized: Is a directory
collect2: ld returned 1 exit status
configure:21151: $? = 1
configure: failed program was:
| /* confdefs.h.  */
| #define PACKAGE_NAME "FTGL"
| #define PACKAGE_TARNAME "ftgl"
| #define PACKAGE_VERSION "2.1.3~rc5"
| #define PACKAGE_STRING "FTGL 2.1.3~rc5"
| #define PACKAGE_BUGREPORT "sam@zoy.org"
| #define STDC_HEADERS 1
| #define HAVE_SYS_TYPES_H 1
| #define HAVE_SYS_STAT_H 1
| #define HAVE_STDLIB_H 1
| #define HAVE_STRING_H 1
| #define HAVE_MEMORY_H 1
| #define HAVE_STRINGS_H 1
| #define HAVE_INTTYPES_H 1
| #define HAVE_STDINT_H 1
| #define HAVE_UNISTD_H 1
| #define HAVE_DLFCN_H 1
| #define STDC_HEADERS 1
| #define HAVE_WCSDUP 1
| #define HAVE_STRNDUP 1
| /* end confdefs.h.  */
| 
| int
| main ()
| {
| 
|   ;
|   return 0;
| }
configure:21164: result: neither works
configure:21217: gcc -o conftest -g -O2   conftest.c   -L/usr/lib64 -lX11 >&5
configure:21223: $? = 0
configure:21380: checking for gethostbyname
configure:21436: gcc -o conftest -g -O2   conftest.c  >&5
configure:21442: $? = 0
configure:21459: result: yes
configure:21604: checking for connect
configure:21660: gcc -o conftest -g -O2   conftest.c  >&5
configure:21666: $? = 0
configure:21683: result: yes
configure:21755: checking for remove
configure:21811: gcc -o conftest -g -O2   conftest.c  >&5
configure:21817: $? = 0
configure:21834: result: yes
configure:21906: checking for shmat
configure:21962: gcc -o conftest -g -O2   conftest.c  >&5
configure:21968: $? = 0
configure:21985: result: yes
configure:22066: checking for IceConnectionNumber in -lICE
configure:22101: gcc -o conftest -g -O2   -L/usr/lib64 conftest.c -lICE   >&5
configure:22107: $? = 0
configure:22125: result: yes
configure:22190: checking GL/gl.h usability
configure:22207: gcc -c -g -O2  conftest.c >&5
configure:22213: $? = 0
configure:22227: result: yes
configure:22231: checking GL/gl.h presence
configure:22246: gcc -E  conftest.c
configure:22252: $? = 0
configure:22266: result: yes
configure:22299: checking for GL/gl.h
configure:22306: result: yes
configure:22468: checking for OpenGL framework (Darwin-specific)
configure:22495: gcc -o conftest -g -O2   conftest.c  -Xlinker -framework -Xlinker OpenGL >&5
conftest.c:23:23: error: OpenGL/gl.h: No such file or directory
conftest.c: In function 'main':
conftest.c:27: error: 'GL_POINTS' undeclared (first use in this function)
conftest.c:27: error: (Each undeclared identifier is reported only once
conftest.c:27: error: for each function it appears in.)
configure:22501: $? = 1
configure: failed program was:
| /* confdefs.h.  */
| #define PACKAGE_NAME "FTGL"
| #define PACKAGE_TARNAME "ftgl"
| #define PACKAGE_VERSION "2.1.3~rc5"
| #define PACKAGE_STRING "FTGL 2.1.3~rc5"
| #define PACKAGE_BUGREPORT "sam@zoy.org"
| #define STDC_HEADERS 1
| #define HAVE_SYS_TYPES_H 1
| #define HAVE_SYS_STAT_H 1
| #define HAVE_STDLIB_H 1
| #define HAVE_STRING_H 1
| #define HAVE_MEMORY_H 1
| #define HAVE_STRINGS_H 1
| #define HAVE_INTTYPES_H 1
| #define HAVE_STDINT_H 1
| #define HAVE_UNISTD_H 1
| #define HAVE_DLFCN_H 1
| #define STDC_HEADERS 1
| #define HAVE_WCSDUP 1
| #define HAVE_STRNDUP 1
| #define HAVE_GL_GL_H 1
| /* end confdefs.h.  */
| #include <OpenGL/gl.h>
| int
| main ()
| {
| glBegin(GL_POINTS)
|   ;
|   return 0;
| }
configure:22513: result: no
configure:22523: checking for GL library
configure:22562: gcc -o conftest -g -O2   conftest.c -lGL >&5
configure:22568: $? = 0
configure:22640: result: yes
configure:22661: checking GL/glu.h usability
configure:22678: gcc -c -g -O2  conftest.c >&5
configure:22684: $? = 0
configure:22698: result: yes
configure:22702: checking GL/glu.h presence
configure:22717: gcc -E  conftest.c
configure:22723: $? = 0
configure:22737: result: yes
configure:22770: checking for GL/glu.h
configure:22777: result: yes
configure:22938: checking for GLU version >= 1.2
configure:22972: gcc -c -g -O2  conftest.c >&5
configure:22978: $? = 0
configure:22983: result: yes
configure:23001: checking for GLU library
configure:23032: gcc -o conftest -g -O2   conftest.c -lGLU -lGL >&5
configure:23038: $? = 0
configure:23110: result: yes
configure:23193: checking GL/glut.h usability
configure:23210: gcc -c -g -O2  conftest.c >&5
configure:23216: $? = 0
configure:23230: result: yes
configure:23234: checking GL/glut.h presence
configure:23249: gcc -E  conftest.c
configure:23255: $? = 0
configure:23269: result: yes
configure:23302: checking for GL/glut.h
configure:23310: result: yes
configure:23474: checking for GLUT library
configure:23514: gcc -o conftest -g -O2   conftest.c -lglut >&5
configure:23520: $? = 0
configure:23702: result: yes
configure:23739: checking for a TrueType font on the system
configure:23773: result: /usr/share/fonts/TTF/DejaVuSerif.ttf
configure:23826: checking for pkg-config
configure:23844: found /usr/bin/pkg-config
configure:23856: result: /usr/bin/pkg-config
configure:23885: checking pkg-config is at least version 0.9.0
configure:23888: result: yes
configure:23899: checking for CPPUNIT
configure:23907: $PKG_CONFIG --exists --print-errors "cppunit"
Package cppunit was not found in the pkg-config search path.
Perhaps you should add the directory containing `cppunit.pc'
to the PKG_CONFIG_PATH environment variable
No package 'cppunit' found
configure:23910: $? = 1
configure:23925: $PKG_CONFIG --exists --print-errors "cppunit"
Package cppunit was not found in the pkg-config search path.
Perhaps you should add the directory containing `cppunit.pc'
to the PKG_CONFIG_PATH environment variable
No package 'cppunit' found
configure:23928: $? = 1
No package 'cppunit' found
configure:23966: result: no
configure:23986: checking for doxygen
configure:24004: found /usr/bin/doxygen
configure:24017: result: /usr/bin/doxygen
configure:24037: checking for pdflatex
configure:24055: found /usr/share/texmf/bin/pdflatex
configure:24068: result: /usr/share/texmf/bin/pdflatex
configure:24078: checking for kpsewhich
configure:24096: found /usr/share/texmf/bin/kpsewhich
configure:24109: result: /usr/share/texmf/bin/kpsewhich
configure:24119: checking for dvips
configure:24137: found /usr/share/texmf/bin/dvips
configure:24150: result: /usr/share/texmf/bin/dvips
configure:24160: checking for convert
configure:24178: found /usr/bin/convert
configure:24191: result: /usr/bin/convert
configure:24201: checking for epstopdf
configure:24219: found /usr/share/texmf/bin/epstopdf
configure:24232: result: /usr/share/texmf/bin/epstopdf
configure:24245: checking for a4.sty and a4wide.sty
configure:24249: result: yes
configure:24424: creating ./config.status

## ---------------------- ##
## Running config.status. ##
## ---------------------- ##

This file was extended by FTGL config.status 2.1.3~rc5, which was
generated by GNU Autoconf 2.61.  Invocation command line was

  CONFIG_FILES    = 
  CONFIG_HEADERS  = 
  CONFIG_LINKS    = 
  CONFIG_COMMANDS = 
  $ ./config.status 

on darkstar

config.status:705: creating ftgl.pc
config.status:705: creating Makefile
config.status:705: creating demo/Makefile
config.status:705: creating docs/Makefile
config.status:705: creating docs/doxygen.cfg
config.status:705: creating msvc/Makefile
config.status:705: creating src/Makefile
config.status:705: creating test/Makefile
config.status:705: creating config.h
config.status:984: executing depfiles commands
configure:25753: result: Done.
configure:25755: result: 
configure:25757: result: FTGL configured with the following settings:
configure:25759: result: 
configure:25761: result:              Prefix: /usr/local
configure:25763: result:            Binaries: /usr/local/bin
configure:25765: result: Configuration files: /usr/local/etc
configure:25767: result:          Data files: /usr/local/share
configure:25769: result: 
configure:25771: result: CC       = gcc
configure:25773: result: CXX      = g++
configure:25776: result: CFLAGS   = -g -O2 -Waggregate-return -Wstrict-prototypes -Wmissing-prototypes -Wnested-externs
configure:25780: result: CXXFLAGS = -g -O2
configure:25784: result: CPPFLAGS =  -I${top_srcdir}/src -Wall -Wpointer-arith -Wcast-align -Wcast-qual -Wshadow -Wsign-compare
configure:25795: result: 
configure:25797: result: ---
configure:25799: result: ./configure complete, type 'make' to begin building
configure:25801: result: 

## ---------------- ##
## Cache variables. ##
## ---------------- ##

ac_cv_build=x86_64-unknown-linux-gnu
ac_cv_c_compiler_gnu=yes
ac_cv_cxx_compiler_gnu=yes
ac_cv_env_CCC_set=
ac_cv_env_CCC_value=
ac_cv_env_CC_set=
ac_cv_env_CC_value=
ac_cv_env_CFLAGS_set=
ac_cv_env_CFLAGS_value=
ac_cv_env_CPPFLAGS_set=
ac_cv_env_CPPFLAGS_value=
ac_cv_env_CPPUNIT_CFLAGS_set=
ac_cv_env_CPPUNIT_CFLAGS_value=
ac_cv_env_CPPUNIT_LIBS_set=
ac_cv_env_CPPUNIT_LIBS_value=
ac_cv_env_CPP_set=
ac_cv_env_CPP_value=
ac_cv_env_CXXCPP_set=
ac_cv_env_CXXCPP_value=
ac_cv_env_CXXFLAGS_set=
ac_cv_env_CXXFLAGS_value=
ac_cv_env_CXX_set=
ac_cv_env_CXX_value=
ac_cv_env_F77_set=
ac_cv_env_F77_value=
ac_cv_env_FFLAGS_set=
ac_cv_env_FFLAGS_value=
ac_cv_env_LDFLAGS_set=
ac_cv_env_LDFLAGS_value=
ac_cv_env_LIBS_set=
ac_cv_env_LIBS_value=
ac_cv_env_PKG_CONFIG_set=
ac_cv_env_PKG_CONFIG_value=
ac_cv_env_XMKMF_set=
ac_cv_env_XMKMF_value=
ac_cv_env_build_alias_set=
ac_cv_env_build_alias_value=
ac_cv_env_host_alias_set=
ac_cv_env_host_alias_value=
ac_cv_env_target_alias_set=
ac_cv_env_target_alias_value=
ac_cv_f77_compiler_gnu=yes
ac_cv_func_connect=yes
ac_cv_func_gethostbyname=yes
ac_cv_func_remove=yes
ac_cv_func_shmat=yes
ac_cv_func_strndup=yes
ac_cv_func_wcsdup=yes
ac_cv_have_glut=yes
ac_cv_have_x='have_x=yes	ac_x_includes='\'''\''	ac_x_libraries='\''/usr/lib64'\'''
ac_cv_header_GL_gl_h=yes
ac_cv_header_GL_glu_h=yes
ac_cv_header_GL_glut_h=yes
ac_cv_header_dlfcn_h=yes
ac_cv_header_inttypes_h=yes
ac_cv_header_memory_h=yes
ac_cv_header_stdc=yes
ac_cv_header_stdint_h=yes
ac_cv_header_stdlib_h=yes
ac_cv_header_string_h=yes
ac_cv_header_strings_h=yes
ac_cv_header_sys_stat_h=yes
ac_cv_header_sys_types_h=yes
ac_cv_header_unistd_h=yes
ac_cv_host=x86_64-unknown-linux-gnu
ac_cv_lib_ICE_IceConnectionNumber=yes
ac_cv_objext=o
ac_cv_path_CONVERT=/usr/bin/convert
ac_cv_path_DOXYGEN=/usr/bin/doxygen
ac_cv_path_DVIPS=/usr/share/texmf/bin/dvips
ac_cv_path_EGREP='/bin/grep -E'
ac_cv_path_EPSTOPDF=/usr/share/texmf/bin/epstopdf
ac_cv_path_FT2_CONFIG=/usr/local/bin/freetype-config
ac_cv_path_GREP=/bin/grep
ac_cv_path_KPSEWHICH=/usr/share/texmf/bin/kpsewhich
ac_cv_path_LATEX=/usr/share/texmf/bin/pdflatex
ac_cv_path_ac_pt_PKG_CONFIG=/usr/bin/pkg-config
ac_cv_path_install='/bin/ginstall -c'
ac_cv_path_mkdir=/bin/mkdir
ac_cv_prog_AWK=gawk
ac_cv_prog_CPP='gcc -E'
ac_cv_prog_CXXCPP='g++ -E'
ac_cv_prog_ac_ct_AR=ar
ac_cv_prog_ac_ct_CC=gcc
ac_cv_prog_ac_ct_CXX=g++
ac_cv_prog_ac_ct_F77=g77
ac_cv_prog_ac_ct_RANLIB=ranlib
ac_cv_prog_ac_ct_STRIP=strip
ac_cv_prog_cc_c89=
ac_cv_prog_cc_g=yes
ac_cv_prog_cc_gcc_c_o=yes
ac_cv_prog_cxx_g=yes
ac_cv_prog_f77_g=yes
ac_cv_prog_make_make_set=yes
am_cv_CC_dependencies_compiler_type=gcc3
am_cv_CXX_dependencies_compiler_type=gcc3
lt_cv_deplibs_check_method=pass_all
lt_cv_file_magic_cmd='$MAGIC_CMD'
lt_cv_file_magic_test_file=
lt_cv_ld_reload_flag=-r
lt_cv_objdir=.libs
lt_cv_path_LD=/usr/x86_64-slackware-linux/bin/ld
lt_cv_path_LDCXX='/usr/x86_64-slackware-linux/bin/ld -m elf_x86_64'
lt_cv_path_NM='/usr/bin/nm -B'
lt_cv_path_SED=/bin/sed
lt_cv_prog_compiler_c_o=yes
lt_cv_prog_compiler_c_o_CXX=yes
lt_cv_prog_compiler_c_o_F77=yes
lt_cv_prog_compiler_pic_works=yes
lt_cv_prog_compiler_pic_works_CXX=yes
lt_cv_prog_compiler_pic_works_F77=yes
lt_cv_prog_compiler_rtti_exceptions=no
lt_cv_prog_compiler_static_works=yes
lt_cv_prog_compiler_static_works_CXX=yes
lt_cv_prog_compiler_static_works_F77=yes
lt_cv_prog_gnu_ld=yes
lt_cv_prog_gnu_ldcxx=yes
lt_cv_sys_global_symbol_pipe='sed -n -e '\''s/^.*[ 	]\([ABCDGIRSTW][ABCDGIRSTW]*\)[ 	][ 	]*\([_A-Za-z][_A-Za-z0-9]*\)$/\1 \2 \2/p'\'''
lt_cv_sys_global_symbol_to_c_name_address='sed -n -e '\''s/^: \([^ ]*\) $/  {\"\1\", (lt_ptr) 0},/p'\'' -e '\''s/^[BCDEGRST] \([^ ]*\) \([^ ]*\)$/  {"\2", (lt_ptr) \&\2},/p'\'''
lt_cv_sys_global_symbol_to_cdecl='sed -n -e '\''s/^. .* \(.*\)$/extern int \1;/p'\'''
lt_cv_sys_lib_dlsearch_path_spec='/lib /usr/lib /usr/local/lib /usr/x86_64-slackware-linux/lib /usr/lib64/seamonkey '
lt_cv_sys_lib_search_path_spec='/usr/lib64/gcc/x86_64-slackware-linux/4.3.3 /usr/lib64 /lib64 /usr/x86_64-slackware-linux/lib'
lt_cv_sys_max_cmd_len=1572864
lt_lt_cv_prog_compiler_c_o='"yes"'
lt_lt_cv_prog_compiler_c_o_CXX='"yes"'
lt_lt_cv_prog_compiler_c_o_F77='"yes"'
lt_lt_cv_sys_global_symbol_pipe='"sed -n -e '\''s/^.*[ 	]\\([ABCDGIRSTW][ABCDGIRSTW]*\\)[ 	][ 	]*\\([_A-Za-z][_A-Za-z0-9]*\\)\$/\\1 \\2 \\2/p'\''"'
lt_lt_cv_sys_global_symbol_to_c_name_address='"sed -n -e '\''s/^: \\([^ ]*\\) \$/  {\\\"\\1\\\", (lt_ptr) 0},/p'\'' -e '\''s/^[BCDEGRST] \\([^ ]*\\) \\([^ ]*\\)\$/  {\"\\2\", (lt_ptr) \\&\\2},/p'\''"'
lt_lt_cv_sys_global_symbol_to_cdecl='"sed -n -e '\''s/^. .* \\(.*\\)\$/extern int \\1;/p'\''"'

## ----------------- ##
## Output variables. ##
## ----------------- ##

ACLOCAL='${SHELL} /home/dan/Dropbox/opengl/text/ftgl-2.1.3~rc5/.auto/missing --run aclocal-1.10'
AMDEPBACKSLASH='\'
AMDEP_FALSE='#'
AMDEP_TRUE=''
AMTAR='${SHELL} /home/dan/Dropbox/opengl/text/ftgl-2.1.3~rc5/.auto/missing --run tar'
AR='ar'
AUTOCONF='${SHELL} /home/dan/Dropbox/opengl/text/ftgl-2.1.3~rc5/.auto/missing --run autoconf'
AUTOHEADER='${SHELL} /home/dan/Dropbox/opengl/text/ftgl-2.1.3~rc5/.auto/missing --run autoheader'
AUTOMAKE='${SHELL} /home/dan/Dropbox/opengl/text/ftgl-2.1.3~rc5/.auto/missing --run automake-1.10'
AWK='gawk'
CC='gcc'
CCDEPMODE='depmode=gcc3'
CFLAGS='-g -O2 -Waggregate-return -Wstrict-prototypes -Wmissing-prototypes -Wnested-externs'
CONVERT='/usr/bin/convert'
CPP='gcc -E'
CPPFLAGS=' -I${top_srcdir}/src -Wall -Wpointer-arith -Wcast-align -Wcast-qual -Wshadow -Wsign-compare'
CPPUNIT_CFLAGS=''
CPPUNIT_LIBS=''
CXX='g++'
CXXCPP='g++ -E'
CXXDEPMODE='depmode=gcc3'
CXXFLAGS='-g -O2'
CYGPATH_W='echo'
DEFS='-DHAVE_CONFIG_H'
DEPDIR='.deps'
DOXYGEN='/usr/bin/doxygen'
DSYMUTIL=''
DVIPS='/usr/share/texmf/bin/dvips'
ECHO='echo'
ECHO_C=''
ECHO_N='-n'
ECHO_T=''
EGREP='/bin/grep -E'
EPSTOPDF='/usr/share/texmf/bin/epstopdf'
EXEEXT=''
F77='g77'
FFLAGS='-g -O2'
FRAMEWORK_OPENGL=''
FT2_CFLAGS='-I/usr/local/include/freetype2 -I/usr/local/include'
FT2_CONFIG='/usr/local/bin/freetype-config'
FT2_LIBS='-L/usr/local/lib -lfreetype -lz'
GLUT_CFLAGS=''
GLUT_LIBS='-lglut'
GL_CFLAGS=''
GL_LIBS='-lGLU -lGL'
GREP='/bin/grep'
HAVE_CPPUNIT_FALSE=''
HAVE_CPPUNIT_TRUE='#'
HAVE_DOXYGEN_FALSE='#'
HAVE_DOXYGEN_TRUE=''
HAVE_GLUT_FALSE='#'
HAVE_GLUT_TRUE=''
HAVE_LATEX_FALSE='#'
HAVE_LATEX_TRUE=''
INSTALL_DATA='${INSTALL} -m 644'
INSTALL_PROGRAM='${INSTALL}'
INSTALL_SCRIPT='${INSTALL}'
INSTALL_STRIP_PROGRAM='$(install_sh) -c -s'
KPSEWHICH='/usr/share/texmf/bin/kpsewhich'
LATEX='/usr/share/texmf/bin/pdflatex'
LDFLAGS=''
LIBOBJS=''
LIBS=''
LIBTOOL='$(SHELL) $(top_builddir)/libtool'
LN_S='ln -s'
LTLIBOBJS=''
LT_MAJOR='2'
LT_MICRO='3'
LT_MINOR='1'
LT_VERSION='2:1:3'
MAKEINFO='${SHELL} /home/dan/Dropbox/opengl/text/ftgl-2.1.3~rc5/.auto/missing --run makeinfo'
NMEDIT=''
OBJEXT='o'
PACKAGE='ftgl'
PACKAGE_BUGREPORT='sam@zoy.org'
PACKAGE_NAME='FTGL'
PACKAGE_STRING='FTGL 2.1.3~rc5'
PACKAGE_TARNAME='ftgl'
PACKAGE_VERSION='2.1.3~rc5'
PATH_SEPARATOR=':'
PKG_CONFIG='/usr/bin/pkg-config'
RANLIB='ranlib'
SED='/bin/sed'
SET_MAKE=''
SHELL='/bin/sh'
STRIP='strip'
VERSION='2.1.3~rc5'
XMKMF=''
X_CFLAGS=''
X_EXTRA_LIBS=''
X_LIBS=' -L/usr/lib64'
X_PRE_LIBS=' -lSM -lICE'
ac_ct_CC='gcc'
ac_ct_CXX='g++'
ac_ct_F77='g77'
am__fastdepCC_FALSE='#'
am__fastdepCC_TRUE=''
am__fastdepCXX_FALSE='#'
am__fastdepCXX_TRUE=''
am__include='include'
am__isrc=''
am__leading_dot='.'
am__quote=''
am__tar='${AMTAR} chof - "$$tardir"'
am__untar='${AMTAR} xf -'
bindir='/usr/local/bin'
build='x86_64-unknown-linux-gnu'
build_alias=''
build_cpu='x86_64'
build_os='linux-gnu'
build_vendor='unknown'
datadir='/usr/local/share'
datarootdir='${prefix}/share'
docdir='${datarootdir}/doc/${PACKAGE_TARNAME}'
dvidir='${docdir}'
exec_prefix='${prefix}'
host='x86_64-unknown-linux-gnu'
host_alias=''
host_cpu='x86_64'
host_os='linux-gnu'
host_vendor='unknown'
htmldir='${docdir}'
includedir='${prefix}/include'
infodir='${datarootdir}/info'
install_sh='$(SHELL) /home/dan/Dropbox/opengl/text/ftgl-2.1.3~rc5/.auto/install-sh'
libdir='${exec_prefix}/lib'
libexecdir='${exec_prefix}/libexec'
localedir='${datarootdir}/locale'
localstatedir='${prefix}/var'
mandir='/usr/local/share/man'
mkdir_p='/bin/mkdir -p'
oldincludedir='/usr/include'
pdfdir='${docdir}'
prefix='/usr/local'
program_transform_name='s,x,x,'
psdir='${docdir}'
sbindir='${exec_prefix}/sbin'
sharedstatedir='${prefix}/com'
sysconfdir='/usr/local/etc'
target_alias=''

## ----------- ##
## confdefs.h. ##
## ----------- ##

#define PACKAGE_NAME "FTGL"
#define PACKAGE_TARNAME "ftgl"
#define PACKAGE_VERSION "2.1.3~rc5"
#define PACKAGE_STRING "FTGL 2.1.3~rc5"
#define PACKAGE_BUGREPORT "sam@zoy.org"
#define STDC_HEADERS 1
#define HAVE_SYS_TYPES_H 1
#define HAVE_SYS_STAT_H 1
#define HAVE_STDLIB_H 1
#define HAVE_STRING_H 1
#define HAVE_MEMORY_H 1
#define HAVE_STRINGS_H 1
#define HAVE_INTTYPES_H 1
#define HAVE_STDINT_H 1
#define HAVE_UNISTD_H 1
#define HAVE_DLFCN_H 1
#define STDC_HEADERS 1
#define HAVE_WCSDUP 1
#define HAVE_STRNDUP 1
#define HAVE_GL_GL_H 1
#define HAVE_GL_GLU_H 1
#define HAVE_GL_GLUT_H 1
#define FONT_FILE "/usr/share/fonts/TTF/DejaVuSerif.ttf"

configure: exit 0
